<?xml version="1.0" encoding="UTF-8"?>
<testng-results ignored="0" total="1" passed="1" failed="0" skipped="0">
  <reporter-output>
  </reporter-output>
  <suite started-at="2022-07-27T03:11:16 AST" name="Default suite" finished-at="2022-07-27T03:11:33 AST" duration-ms="17415">
    <groups>
    </groups>
    <test started-at="2022-07-27T03:11:16 AST" name="Default test" finished-at="2022-07-27T03:11:33 AST" duration-ms="17415">
      <class name="ass3XPathSameAttribute.ChromWebDriver">
        <test-method is-config="true" signature="setUp()[pri:0, instance:ass3XPathSameAttribute.ChromWebDriver@60dcc9fe]" started-at="2022-07-27T03:11:16 AST" name="setUp" finished-at="2022-07-27T03:11:21 AST" duration-ms="5199" status="PASS">
          <reporter-output>
          </reporter-output>
        </test-method> <!-- setUp -->
        <test-method signature="LearnEnglishWebSite()[pri:0, instance:ass3XPathSameAttribute.ChromWebDriver@60dcc9fe]" started-at="2022-07-27T03:11:21 AST" name="LearnEnglishWebSite" finished-at="2022-07-27T03:11:33 AST" duration-ms="11823" status="PASS">
          <reporter-output>
          </reporter-output>
        </test-method> <!-- LearnEnglishWebSite -->
        <test-method is-config="true" signature="terminateBrowser()[pri:0, instance:ass3XPathSameAttribute.ChromWebDriver@60dcc9fe]" started-at="2022-07-27T03:11:33 AST" name="terminateBrowser" finished-at="2022-07-27T03:11:33 AST" duration-ms="306" status="PASS">
          <reporter-output>
          </reporter-output>
        </test-method> <!-- terminateBrowser -->
      </class> <!-- ass3XPathSameAttribute.ChromWebDriver -->
    </test> <!-- Default test -->
  </suite> <!-- Default suite -->
</testng-results>
